<?xml version="1.0" encoding="UTF-8"?>
<testng-results ignored="0" total="1" passed="1" failed="0" skipped="0">
  <reporter-output>
    <line>
      <![CDATA[testA....Bangaluru]]>
    </line>
  </reporter-output>
  <suite started-at="2023-06-22T20:39:53 IST" name="Default suite" finished-at="2023-06-22T20:39:54 IST" duration-ms="226">
    <groups>
    </groups>
    <test started-at="2023-06-22T20:39:53 IST" name="Default test" finished-at="2023-06-22T20:39:54 IST" duration-ms="226">
      <class name="day20.Demo1">
        <test-method signature="testA(java.lang.String)[pri:0, instance:day20.Demo1@21de60b4]" started-at="2023-06-22T20:39:54 IST" name="testA" finished-at="2023-06-22T20:39:54 IST" duration-ms="63" status="PASS">
          <params>
            <param index="0">
              <value>
                <![CDATA[Bangaluru]]>
              </value>
            </param>
          </params>
          <reporter-output>
            <line>
              <![CDATA[testA....Bangaluru]]>
            </line>
          </reporter-output>
        </test-method> <!-- testA -->
      </class> <!-- day20.Demo1 -->
    </test> <!-- Default test -->
  </suite> <!-- Default suite -->
</testng-results>
